[debug] [2018-05-20T19:57:23.300Z] ----------------------------------------------------------------------
[debug] [2018-05-20T19:57:23.302Z] Command:       /home/aranganathan/.nvm/versions/node/v9.1.0/bin/node /home/aranganathan/.nvm/versions/node/v9.1.0/bin/firebase deploy
[debug] [2018-05-20T19:57:23.302Z] CLI Version:   3.18.4
[debug] [2018-05-20T19:57:23.302Z] Platform:      linux
[debug] [2018-05-20T19:57:23.302Z] Node Version:  v9.1.0
[debug] [2018-05-20T19:57:23.302Z] Time:          Sun May 20 2018 21:57:23 GMT+0200 (CEST)
[debug] [2018-05-20T19:57:23.303Z] ----------------------------------------------------------------------
[debug] 
[debug] [2018-05-20T19:57:23.312Z] > command requires scopes: ["email","openid","https://www.googleapis.com/auth/cloudplatformprojects.readonly","https://www.googleapis.com/auth/firebase","https://www.googleapis.com/auth/cloud-platform"]
[debug] [2018-05-20T19:57:23.312Z] > authorizing via signed-in user
[debug] [2018-05-20T19:57:23.314Z] >>> HTTP REQUEST GET https://admin.firebase.com/v1/projects/junicorncraft  
  
 Sun May 20 2018 21:57:23 GMT+0200 (CEST)
[debug] [2018-05-20T19:57:24.185Z] <<< HTTP RESPONSE 200
[debug] [2018-05-20T19:57:24.186Z] >>> HTTP REQUEST GET https://admin.firebase.com/v1/database/junicorncraft/tokens  
  
 Sun May 20 2018 21:57:24 GMT+0200 (CEST)
[debug] [2018-05-20T19:57:24.931Z] <<< HTTP RESPONSE 200
[info] 
[info] === Deploying to 'junicorncraft'...
[info] 
[info] i  deploying database, storage, firestore, functions, hosting
[info] Running command: npm --prefix "$RESOURCE_DIR" run lint
[info] Running command: npm --prefix "$RESOURCE_DIR" run build
[info] ✔  functions: Finished running predeploy script.
[info] i  database: checking rules syntax...
[debug] [2018-05-20T19:57:34.188Z] >>> HTTP REQUEST PUT https://junicorncraft.firebaseio.com/.settings/rules.json?dryRun=true  
 {
  "rules": {
    ".read": "auth != null",
    ".write": "auth != null"
  }
}
 
 Sun May 20 2018 21:57:34 GMT+0200 (CEST)
[debug] [2018-05-20T19:57:34.779Z] <<< HTTP RESPONSE 200
[info] ✔  database: rules syntax for database junicorncraft is valid
[debug] [2018-05-20T19:57:34.782Z] >>> HTTP REQUEST GET https://appengine.googleapis.com/v1/apps/junicorncraft  
  
 Sun May 20 2018 21:57:34 GMT+0200 (CEST)
[debug] [2018-05-20T19:57:35.883Z] <<< HTTP RESPONSE 200
[info] i  storage: checking storage.rules for compilation errors...
[debug] [2018-05-20T19:57:35.885Z] >>> HTTP REQUEST POST https://firebaserules.googleapis.com/v1/projects/junicorncraft:test  
 { source: { files: [ [Object] ] } } 
 Sun May 20 2018 21:57:35 GMT+0200 (CEST)
[debug] [2018-05-20T19:57:36.948Z] <<< HTTP RESPONSE 200
[info] ✔  storage: rules file storage.rules compiled successfully
[info] i  firestore: checking firestore.rules for compilation errors...
[debug] [2018-05-20T19:57:37.230Z] >>> HTTP REQUEST POST https://firebaserules.googleapis.com/v1/projects/junicorncraft:test  
 { source: { files: [ [Object] ] } } 
 Sun May 20 2018 21:57:37 GMT+0200 (CEST)
[debug] [2018-05-20T19:57:38.174Z] <<< HTTP RESPONSE 200
[info] ✔  firestore: rules file firestore.rules compiled successfully
[debug] [2018-05-20T19:57:38.178Z] > [functions] package.json contents: {
  "name": "functions",
  "scripts": {
    "lint": "tslint --project tsconfig.json",
    "build": "tsc",
    "serve": "npm run build && firebase serve --only functions",
    "shell": "npm run build && firebase functions:shell",
    "start": "npm run shell",
    "deploy": "firebase deploy --only functions",
    "logs": "firebase functions:log"
  },
  "main": "lib/index.js",
  "dependencies": {
    "firebase-admin": "~5.12.0",
    "firebase-functions": "^1.0.1"
  },
  "devDependencies": {
    "tslint": "^5.8.0",
    "typescript": "^2.5.3"
  },
  "private": true
}
[info] i  functions: ensuring necessary APIs are enabled...
[debug] [2018-05-20T19:57:38.180Z] >>> HTTP REQUEST GET https://servicemanagement.googleapis.com/v1/services/cloudfunctions.googleapis.com/projectSettings/junicorncraft?view=CONSUMER_VIEW  
  
 Sun May 20 2018 21:57:38 GMT+0200 (CEST)
[debug] [2018-05-20T19:57:38.182Z] >>> HTTP REQUEST GET https://servicemanagement.googleapis.com/v1/services/runtimeconfig.googleapis.com/projectSettings/junicorncraft?view=CONSUMER_VIEW  
  
 Sun May 20 2018 21:57:38 GMT+0200 (CEST)
[debug] [2018-05-20T19:57:39.403Z] <<< HTTP RESPONSE 200
[info] ✔  functions: all necessary APIs are enabled
[debug] [2018-05-20T19:57:39.407Z] <<< HTTP RESPONSE 200
[debug] [2018-05-20T19:57:39.409Z] >>> HTTP REQUEST GET https://cloudresourcemanager.googleapis.com/v1/projects/junicorncraft  
  
 Sun May 20 2018 21:57:39 GMT+0200 (CEST)
[debug] [2018-05-20T19:57:40.305Z] <<< HTTP RESPONSE 200
[debug] [2018-05-20T19:57:40.306Z] >>> HTTP REQUEST GET https://mobilesdk-pa.googleapis.com/v1/projects/803991229137:getServerAppConfig  
  
 Sun May 20 2018 21:57:40 GMT+0200 (CEST)
[debug] [2018-05-20T20:01:01.391Z] ----------------------------------------------------------------------
[debug] [2018-05-20T20:01:01.393Z] Command:       /home/aranganathan/.nvm/versions/node/v9.1.0/bin/node /home/aranganathan/.nvm/versions/node/v9.1.0/bin/firebase deploy --only functions
[debug] [2018-05-20T20:01:01.394Z] CLI Version:   3.18.4
[debug] [2018-05-20T20:01:01.394Z] Platform:      linux
[debug] [2018-05-20T20:01:01.394Z] Node Version:  v9.1.0
[debug] [2018-05-20T20:01:01.394Z] Time:          Sun May 20 2018 22:01:01 GMT+0200 (CEST)
[debug] [2018-05-20T20:01:01.394Z] ----------------------------------------------------------------------
[debug] 
[debug] [2018-05-20T20:01:01.402Z] > command requires scopes: ["email","openid","https://www.googleapis.com/auth/cloudplatformprojects.readonly","https://www.googleapis.com/auth/firebase","https://www.googleapis.com/auth/cloud-platform"]
[debug] [2018-05-20T20:01:01.402Z] > authorizing via signed-in user
[debug] [2018-05-20T20:01:01.404Z] >>> HTTP REQUEST GET https://admin.firebase.com/v1/projects/junicorncraft  
  
 Sun May 20 2018 22:01:01 GMT+0200 (CEST)
[debug] [2018-05-20T20:01:02.194Z] <<< HTTP RESPONSE 200
[debug] [2018-05-20T20:01:02.195Z] >>> HTTP REQUEST GET https://admin.firebase.com/v1/database/junicorncraft/tokens  
  
 Sun May 20 2018 22:01:02 GMT+0200 (CEST)
[debug] [2018-05-20T20:01:03.850Z] <<< HTTP RESPONSE 200
[info] 
[info] === Deploying to 'junicorncraft'...
[info] 
[info] i  deploying functions
[info] Running command: npm --prefix "$RESOURCE_DIR" run lint
[info] Running command: npm --prefix "$RESOURCE_DIR" run build
[info] ✔  functions: Finished running predeploy script.
[debug] [2018-05-20T20:01:11.804Z] > [functions] package.json contents: {
  "name": "functions",
  "scripts": {
    "lint": "tslint --project tsconfig.json",
    "build": "tsc",
    "serve": "npm run build && firebase serve --only functions",
    "shell": "npm run build && firebase functions:shell",
    "start": "npm run shell",
    "deploy": "firebase deploy --only functions",
    "logs": "firebase functions:log"
  },
  "main": "lib/index.js",
  "dependencies": {
    "firebase-admin": "~5.12.0",
    "firebase-functions": "^1.0.1"
  },
  "devDependencies": {
    "tslint": "^5.8.0",
    "typescript": "^2.5.3"
  },
  "private": true
}
[info] i  functions: ensuring necessary APIs are enabled...
[debug] [2018-05-20T20:01:11.805Z] >>> HTTP REQUEST GET https://servicemanagement.googleapis.com/v1/services/cloudfunctions.googleapis.com/projectSettings/junicorncraft?view=CONSUMER_VIEW  
  
 Sun May 20 2018 22:01:11 GMT+0200 (CEST)
[debug] [2018-05-20T20:01:11.806Z] >>> HTTP REQUEST GET https://servicemanagement.googleapis.com/v1/services/runtimeconfig.googleapis.com/projectSettings/junicorncraft?view=CONSUMER_VIEW  
  
 Sun May 20 2018 22:01:11 GMT+0200 (CEST)
[debug] [2018-05-20T20:01:13.132Z] <<< HTTP RESPONSE 200
[debug] [2018-05-20T20:01:13.221Z] <<< HTTP RESPONSE 200
[info] ✔  functions: all necessary APIs are enabled
[debug] [2018-05-20T20:01:13.223Z] >>> HTTP REQUEST GET https://cloudresourcemanager.googleapis.com/v1/projects/junicorncraft  
  
 Sun May 20 2018 22:01:13 GMT+0200 (CEST)
[debug] [2018-05-20T20:01:14.396Z] <<< HTTP RESPONSE 200
[debug] [2018-05-20T20:01:14.398Z] >>> HTTP REQUEST GET https://mobilesdk-pa.googleapis.com/v1/projects/803991229137:getServerAppConfig  
  
 Sun May 20 2018 22:01:14 GMT+0200 (CEST)
[debug] [2018-05-20T20:05:14.463Z] Error: socket hang up
    at createHangUpError (_http_client.js:330:15)
    at TLSSocket.socketOnEnd (_http_client.js:423:23)
    at emitNone (events.js:120:20)
    at TLSSocket.emit (events.js:218:7)
    at endReadableNT (_stream_readable.js:1054:12)
    at _combinedTickCallback (internal/process/next_tick.js:138:11)
    at process._tickDomainCallback (internal/process/next_tick.js:218:9)
[error] 
[error] Error: Server Error. socket hang up
[debug] [2018-05-20T20:08:08.063Z] ----------------------------------------------------------------------
[debug] [2018-05-20T20:08:08.065Z] Command:       /home/aranganathan/.nvm/versions/node/v9.1.0/bin/node /home/aranganathan/.nvm/versions/node/v9.1.0/bin/firebase deploy --only functions
[debug] [2018-05-20T20:08:08.066Z] CLI Version:   3.18.4
[debug] [2018-05-20T20:08:08.066Z] Platform:      linux
[debug] [2018-05-20T20:08:08.066Z] Node Version:  v9.1.0
[debug] [2018-05-20T20:08:08.066Z] Time:          Sun May 20 2018 22:08:08 GMT+0200 (CEST)
[debug] [2018-05-20T20:08:08.066Z] ----------------------------------------------------------------------
[debug] 
[debug] [2018-05-20T20:08:08.075Z] > command requires scopes: ["email","openid","https://www.googleapis.com/auth/cloudplatformprojects.readonly","https://www.googleapis.com/auth/firebase","https://www.googleapis.com/auth/cloud-platform"]
[debug] [2018-05-20T20:08:08.075Z] > authorizing via signed-in user
[debug] [2018-05-20T20:08:08.077Z] >>> HTTP REQUEST GET https://admin.firebase.com/v1/projects/junicorncraft  
  
 Sun May 20 2018 22:08:08 GMT+0200 (CEST)
[debug] [2018-05-20T20:08:08.872Z] <<< HTTP RESPONSE 200
[debug] [2018-05-20T20:08:08.873Z] >>> HTTP REQUEST GET https://admin.firebase.com/v1/database/junicorncraft/tokens  
  
 Sun May 20 2018 22:08:08 GMT+0200 (CEST)
[debug] [2018-05-20T20:08:09.595Z] <<< HTTP RESPONSE 200
[info] 
[info] === Deploying to 'junicorncraft'...
[info] 
[info] i  deploying functions
[info] Running command: npm --prefix "$RESOURCE_DIR" run lint
[info] Running command: npm --prefix "$RESOURCE_DIR" run build
[info] ✔  functions: Finished running predeploy script.
[debug] [2018-05-20T20:08:18.808Z] > [functions] package.json contents: {
  "name": "functions",
  "scripts": {
    "lint": "tslint --project tsconfig.json",
    "build": "tsc",
    "serve": "npm run build && firebase serve --only functions",
    "shell": "npm run build && firebase functions:shell",
    "start": "npm run shell",
    "deploy": "firebase deploy --only functions",
    "logs": "firebase functions:log"
  },
  "main": "lib/index.js",
  "dependencies": {
    "firebase-admin": "~5.12.0",
    "firebase-functions": "^1.0.1"
  },
  "devDependencies": {
    "tslint": "^5.8.0",
    "typescript": "^2.5.3"
  },
  "private": true
}
[info] i  functions: ensuring necessary APIs are enabled...
[debug] [2018-05-20T20:08:18.810Z] >>> HTTP REQUEST GET https://servicemanagement.googleapis.com/v1/services/cloudfunctions.googleapis.com/projectSettings/junicorncraft?view=CONSUMER_VIEW  
  
 Sun May 20 2018 22:08:18 GMT+0200 (CEST)
[debug] [2018-05-20T20:08:18.811Z] >>> HTTP REQUEST GET https://servicemanagement.googleapis.com/v1/services/runtimeconfig.googleapis.com/projectSettings/junicorncraft?view=CONSUMER_VIEW  
  
 Sun May 20 2018 22:08:18 GMT+0200 (CEST)
[debug] [2018-05-20T20:08:20.032Z] <<< HTTP RESPONSE 200
[info] ✔  functions: all necessary APIs are enabled
[debug] [2018-05-20T20:08:20.043Z] <<< HTTP RESPONSE 200
[debug] [2018-05-20T20:08:20.045Z] >>> HTTP REQUEST GET https://cloudresourcemanager.googleapis.com/v1/projects/junicorncraft  
  
 Sun May 20 2018 22:08:20 GMT+0200 (CEST)
[debug] [2018-05-20T20:08:20.906Z] <<< HTTP RESPONSE 200
[debug] [2018-05-20T20:08:20.907Z] >>> HTTP REQUEST GET https://mobilesdk-pa.googleapis.com/v1/projects/803991229137:getServerAppConfig  
  
 Sun May 20 2018 22:08:20 GMT+0200 (CEST)
[debug] [2018-05-20T20:12:20.966Z] Error: socket hang up
    at createHangUpError (_http_client.js:330:15)
    at TLSSocket.socketOnEnd (_http_client.js:423:23)
    at emitNone (events.js:120:20)
    at TLSSocket.emit (events.js:218:7)
    at endReadableNT (_stream_readable.js:1054:12)
    at _combinedTickCallback (internal/process/next_tick.js:138:11)
    at process._tickDomainCallback (internal/process/next_tick.js:218:9)
[error] 
[error] Error: Server Error. socket hang up
[debug] [2018-05-20T20:20:01.758Z] ----------------------------------------------------------------------
[debug] [2018-05-20T20:20:01.761Z] Command:       /home/aranganathan/.nvm/versions/node/v9.1.0/bin/node /home/aranganathan/.nvm/versions/node/v9.1.0/bin/firebase deploy --only functions
[debug] [2018-05-20T20:20:01.761Z] CLI Version:   3.18.4
[debug] [2018-05-20T20:20:01.761Z] Platform:      linux
[debug] [2018-05-20T20:20:01.761Z] Node Version:  v9.1.0
[debug] [2018-05-20T20:20:01.761Z] Time:          Sun May 20 2018 22:20:01 GMT+0200 (CEST)
[debug] [2018-05-20T20:20:01.761Z] ----------------------------------------------------------------------
[debug] 
[debug] [2018-05-20T20:20:01.769Z] > command requires scopes: ["email","openid","https://www.googleapis.com/auth/cloudplatformprojects.readonly","https://www.googleapis.com/auth/firebase","https://www.googleapis.com/auth/cloud-platform"]
[debug] [2018-05-20T20:20:01.769Z] > authorizing via signed-in user
[debug] [2018-05-20T20:20:01.771Z] >>> HTTP REQUEST GET https://admin.firebase.com/v1/projects/junicorncraft  
  
 Sun May 20 2018 22:20:01 GMT+0200 (CEST)
[debug] [2018-05-20T20:20:02.653Z] <<< HTTP RESPONSE 200
[debug] [2018-05-20T20:20:02.654Z] >>> HTTP REQUEST GET https://admin.firebase.com/v1/database/junicorncraft/tokens  
  
 Sun May 20 2018 22:20:02 GMT+0200 (CEST)
[debug] [2018-05-20T20:20:03.393Z] <<< HTTP RESPONSE 200
[info] 
[info] === Deploying to 'junicorncraft'...
[info] 
[info] i  deploying functions
[info] Running command: npm --prefix "$RESOURCE_DIR" run lint
[info] Running command: npm --prefix "$RESOURCE_DIR" run build
[info] ✔  functions: Finished running predeploy script.
[debug] [2018-05-20T20:20:12.353Z] > [functions] package.json contents: {
  "name": "functions",
  "scripts": {
    "lint": "tslint --project tsconfig.json",
    "build": "tsc",
    "serve": "npm run build && firebase serve --only functions",
    "shell": "npm run build && firebase functions:shell",
    "start": "npm run shell",
    "deploy": "firebase deploy --only functions",
    "logs": "firebase functions:log"
  },
  "main": "lib/index.js",
  "dependencies": {
    "firebase-admin": "~5.12.0",
    "firebase-functions": "^1.0.1"
  },
  "devDependencies": {
    "tslint": "^5.8.0",
    "typescript": "^2.5.3"
  },
  "private": true
}
[info] i  functions: ensuring necessary APIs are enabled...
[debug] [2018-05-20T20:20:12.354Z] >>> HTTP REQUEST GET https://servicemanagement.googleapis.com/v1/services/cloudfunctions.googleapis.com/projectSettings/junicorncraft?view=CONSUMER_VIEW  
  
 Sun May 20 2018 22:20:12 GMT+0200 (CEST)
[debug] [2018-05-20T20:20:12.355Z] >>> HTTP REQUEST GET https://servicemanagement.googleapis.com/v1/services/runtimeconfig.googleapis.com/projectSettings/junicorncraft?view=CONSUMER_VIEW  
  
 Sun May 20 2018 22:20:12 GMT+0200 (CEST)
[debug] [2018-05-20T20:20:13.644Z] <<< HTTP RESPONSE 200
[debug] [2018-05-20T20:20:13.712Z] <<< HTTP RESPONSE 200
[info] ✔  functions: all necessary APIs are enabled
[debug] [2018-05-20T20:20:13.714Z] >>> HTTP REQUEST GET https://cloudresourcemanager.googleapis.com/v1/projects/junicorncraft  
  
 Sun May 20 2018 22:20:13 GMT+0200 (CEST)
[debug] [2018-05-20T20:20:14.567Z] <<< HTTP RESPONSE 200
[debug] [2018-05-20T20:20:14.568Z] >>> HTTP REQUEST GET https://mobilesdk-pa.googleapis.com/v1/projects/803991229137:getServerAppConfig  
  
 Sun May 20 2018 22:20:14 GMT+0200 (CEST)
